<?xml version="1.0" encoding="UTF-8"?>
<!-- Generated by org.testng.reporters.JUnitReportReporter -->
<testsuite hostname="MacPro-Abdi" failures="0" tests="1" name="MercrediTest.monTest.testLanding" time="7.314" errors="0" timestamp="2022-05-17T15:49:39 CEST" skipped="0">
  <testcase classname="MercrediTest.monTest.testLanding" name="landingPage" time="7.314"/>
  <system-out/>
</testsuite> <!-- MercrediTest.monTest.testLanding -->
