<?xml version="1.0" encoding="UTF-8"?>
<!-- Generated by org.testng.reporters.JUnitReportReporter -->
<testsuite hostname="MacPro-Abdi" failures="0" tests="2" name="parallelTest.DropDown_Firefox" time="24.951" errors="0" timestamp="2022-06-04T17:40:10 CEST" skipped="0">
  <testcase classname="parallelTest.DropDown_Firefox" name="testGoogle" time="9.162"/>
  <system-out/>
  <testcase classname="parallelTest.DropDown_Firefox" name="testSelectFunctionality" time="15.789"/>
  <system-out/>
</testsuite> <!-- parallelTest.DropDown_Firefox -->
