<?xml version="1.0" encoding="UTF-8"?>
<!-- Generated by org.testng.reporters.JUnitReportReporter -->
<testsuite hostname="MacPro-Abdi" failures="0" tests="1" name="screenShot.DropDown_Listeners" time="5.945" errors="0" timestamp="2022-05-30T12:14:44 CEST" skipped="0">
  <testcase classname="screenShot.DropDown_Listeners" name="testSelectFunctionality" time="5.945"/>
  <system-out/>
</testsuite> <!-- screenShot.DropDown_Listeners -->
