<?xml version="1.0" encoding="UTF-8"?>
<!-- Generated by org.testng.reporters.JUnitReportReporter -->
<testsuite hostname="MacPro-Abdi" failures="0" tests="1" name="MercrediTest.monTest.AppTest" time="0.028" errors="0" timestamp="2022-05-17T14:55:40 CEST" skipped="0">
  <testcase classname="MercrediTest.monTest.AppTest" name="shouldAnswerWithTrue" time="0.028"/>
  <system-out/>
</testsuite> <!-- MercrediTest.monTest.AppTest -->
