<?xml version="1.0" encoding="UTF-8"?>
<!-- Generated by org.testng.reporters.JUnitReportReporter -->
<testsuite hostname="MacPro-Abdi" failures="0" tests="1" name="MercrediTest.monTest.FormDemo" time="7.507" errors="0" timestamp="2022-05-26T08:24:13 CEST" skipped="0">
  <testcase classname="MercrediTest.monTest.FormDemo" name="testAlertPopUp" time="7.507"/>
  <system-out/>
</testsuite> <!-- MercrediTest.monTest.FormDemo -->
