<?xml version="1.0" encoding="UTF-8"?>
<!-- Generated by org.testng.reporters.JUnitReportReporter -->
<testsuite hostname="MacPro-Abdi" failures="0" tests="1" name="webDriverActions.DropDownDemo" time="10.493" errors="0" timestamp="2022-06-03T11:28:12 CEST" skipped="0">
  <testcase classname="webDriverActions.DropDownDemo" name="testSelectFunctionality" time="10.493"/>
  <system-out/>
</testsuite> <!-- webDriverActions.DropDownDemo -->
