<?xml version="1.0" encoding="UTF-8"?>
<!-- Generated by org.testng.reporters.JUnitReportReporter -->
<testsuite hostname="MacPro-Abdi" failures="0" tests="1" name="listeners.FormDemo_Listeners" time="9.143" errors="0" timestamp="2022-05-24T15:35:04 CEST" skipped="0">
  <testcase classname="listeners.FormDemo_Listeners" name="testAlertPopUp" time="9.143"/>
  <system-out/>
</testsuite> <!-- listeners.FormDemo_Listeners -->
