<?xml version="1.0" encoding="UTF-8"?>
<!-- Generated by org.testng.reporters.JUnitReportReporter -->
<testsuite hostname="MacPro-Abdi" failures="0" tests="1" name="dockerIntro.E2EtestWithDocker" time="4.840" errors="0" timestamp="2022-06-03T14:43:42 CEST" skipped="0">
  <testcase classname="dockerIntro.E2EtestWithDocker" name="testSelectFunctionality" time="4.840"/>
  <system-out/>
</testsuite> <!-- dockerIntro.E2EtestWithDocker -->
