<?xml version="1.0" encoding="UTF-8"?>
<!-- Generated by org.testng.reporters.JUnitReportReporter -->
<testsuite hostname="MacPro-Abdi" failures="0" tests="1" name="Demo_Rapport.FormDemo_Rapport" time="8.585" errors="0" timestamp="2022-05-24T10:41:16 CEST" skipped="0">
  <testcase classname="Demo_Rapport.FormDemo_Rapport" name="testAlertPopUp" time="8.585"/>
  <system-out/>
</testsuite> <!-- Demo_Rapport.FormDemo_Rapport -->
