<?xml version="1.0" encoding="UTF-8"?>
<!-- Generated by org.testng.reporters.JUnitReportReporter -->
<testsuite hostname="MacPro-Abdi" failures="0" tests="1" name="MercrediTest.monTest.TotoTestConnexion" time="9.685" errors="0" timestamp="2022-05-17T15:53:39 CEST" skipped="0">
  <testcase classname="MercrediTest.monTest.TotoTestConnexion" name="toto" time="9.685"/>
  <system-out/>
</testsuite> <!-- MercrediTest.monTest.TotoTestConnexion -->
