<?xml version="1.0" encoding="UTF-8"?>
<!-- Generated by org.testng.reporters.JUnitReportReporter -->
<testsuite hostname="MacPro-Abdi" failures="0" tests="1" name="MercrediTest.monTest.ExtentReportClass" time="8.131" errors="0" timestamp="2022-05-23T10:32:03 CEST" skipped="0">
  <testcase classname="MercrediTest.monTest.ExtentReportClass" name="extentReportsDemo" time="8.131"/>
  <system-out/>
</testsuite> <!-- MercrediTest.monTest.ExtentReportClass -->
