<?xml version="1.0" encoding="UTF-8"?>
<!-- Generated by org.testng.reporters.JUnitReportReporter -->
<testsuite hostname="MacPro-Abdi" failures="0" tests="1" name="MercrediTest.monTest.DropDownDemo" time="5.610" errors="0" timestamp="2022-05-24T07:44:16 CEST" skipped="0">
  <testcase classname="MercrediTest.monTest.DropDownDemo" name="testSelectFunctionality" time="5.610"/>
  <system-out/>
</testsuite> <!-- MercrediTest.monTest.DropDownDemo -->
