<?xml version="1.0" encoding="UTF-8"?>
<!-- Generated by org.testng.reporters.JUnitReportReporter -->
<testsuite hostname="MacPro-Abdi" failures="0" tests="1" name="MercrediTest.monTest.testHomePage" time="4.016" errors="0" timestamp="2022-05-17T15:49:39 CEST" skipped="0">
  <testcase classname="MercrediTest.monTest.testHomePage" name="homePage" time="4.016"/>
  <system-out/>
</testsuite> <!-- MercrediTest.monTest.testHomePage -->
