<?xml version="1.0" encoding="UTF-8"?>
<!-- Generated by org.testng.reporters.JUnitReportReporter -->
<testsuite hostname="MacPro-Abdi" failures="0" tests="1" name="dockerIntro.Test1" time="4.558" errors="0" timestamp="2022-06-03T11:23:31 CEST" skipped="0">
  <testcase classname="dockerIntro.Test1" name="monTest1" time="4.558"/>
  <system-out/>
</testsuite> <!-- dockerIntro.Test1 -->
