<?xml version="1.0" encoding="UTF-8"?>
<!-- Generated by org.testng.reporters.JUnitReportReporter -->
<testsuite hostname="MacPro-Abdi" failures="0" tests="2" name="docker_E2Etest.DropDown_Rapport" time="29.719" errors="0" timestamp="2022-06-11T08:21:50 CEST" skipped="0">
  <testcase classname="docker_E2Etest.DropDown_Rapport" name="testGoogle" time="16.148"/>
  <system-out/>
  <testcase classname="docker_E2Etest.DropDown_Rapport" name="testSelectFunctionality" time="13.571"/>
  <system-out/>
</testsuite> <!-- docker_E2Etest.DropDown_Rapport -->
