<?xml version="1.0" encoding="UTF-8"?>
<!-- Generated by org.testng.reporters.JUnitReportReporter -->
<testsuite hostname="MacPro-Abdi" failures="0" tests="6" name="MercrediTest.monTest.ExtentReportClass_2" time="0.064" errors="0" timestamp="2022-05-24T07:18:35 CEST" skipped="0">
  <testcase classname="MercrediTest.monTest.ExtentReportClass_2" name="test2" time="0.006"/>
  <system-out/>
  <testcase classname="MercrediTest.monTest.ExtentReportClass_2" name="test5" time="0.003"/>
  <system-out/>
  <testcase classname="MercrediTest.monTest.ExtentReportClass_2" name="test4" time="0.002"/>
  <system-out/>
  <testcase classname="MercrediTest.monTest.ExtentReportClass_2" name="test6" time="0.006"/>
  <system-out/>
  <testcase classname="MercrediTest.monTest.ExtentReportClass_2" name="test3" time="0.007"/>
  <system-out/>
  <testcase classname="MercrediTest.monTest.ExtentReportClass_2" name="test1" time="0.040"/>
  <system-out/>
</testsuite> <!-- MercrediTest.monTest.ExtentReportClass_2 -->
