<?xml version="1.0" encoding="UTF-8"?>
<!-- Generated by org.testng.reporters.JUnitReportReporter -->
<testsuite hostname="MacPro-Abdi" failures="0" tests="1" name="MercrediTest.monTest.CheckBox" time="12.153" errors="0" timestamp="2022-05-19T17:15:03 CEST" skipped="0">
  <testcase classname="MercrediTest.monTest.CheckBox" name="testCheckBox" time="12.153"/>
  <system-out/>
</testsuite> <!-- MercrediTest.monTest.CheckBox -->
