<?xml version="1.0" encoding="UTF-8"?>
<!-- Generated by org.testng.reporters.JUnitReportReporter -->
<testsuite hostname="MacPro-Abdi" failures="0" tests="2" name="parallelTest.DropDown_Chrome" time="27.594" errors="0" timestamp="2022-06-04T17:40:10 CEST" skipped="0">
  <testcase classname="parallelTest.DropDown_Chrome" name="testGoogle" time="14.222"/>
  <system-out/>
  <testcase classname="parallelTest.DropDown_Chrome" name="testSelectFunctionality" time="13.372"/>
  <system-out/>
</testsuite> <!-- parallelTest.DropDown_Chrome -->
