<?xml version="1.0" encoding="UTF-8"?>
<!-- Generated by org.testng.reporters.JUnitReportReporter -->
<testsuite hostname="MacPro-Abdi" failures="0" tests="6" name="MercrediTest.monTest.ExtentReportClass_demo" time="26.540" errors="0" timestamp="2022-05-24T16:29:24 CEST" skipped="0">
  <testcase classname="MercrediTest.monTest.ExtentReportClass_demo" name="test2" time="0.010"/>
  <system-out/>
  <testcase classname="MercrediTest.monTest.ExtentReportClass_demo" name="test6" time="0.005"/>
  <system-out/>
  <testcase classname="MercrediTest.monTest.ExtentReportClass_demo" name="test4" time="0.004"/>
  <system-out/>
  <testcase classname="MercrediTest.monTest.ExtentReportClass_demo" name="test5" time="0.003"/>
  <system-out/>
  <testcase classname="MercrediTest.monTest.ExtentReportClass_demo" name="test1" time="26.495"/>
  <system-out/>
  <testcase classname="MercrediTest.monTest.ExtentReportClass_demo" name="test3" time="0.023"/>
  <system-out/>
</testsuite> <!-- MercrediTest.monTest.ExtentReportClass_demo -->
