<?xml version="1.0" encoding="UTF-8"?>
<!-- Generated by org.testng.reporters.JUnitReportReporter -->
<testsuite hostname="MacPro-Abdi" failures="0" tests="1" name="listeners.DropDown_Listeners" time="5.216" errors="0" timestamp="2022-06-03T10:29:51 CEST" skipped="0">
  <testcase classname="listeners.DropDown_Listeners" name="testSelectFunctionality" time="5.216"/>
  <system-out/>
</testsuite> <!-- listeners.DropDown_Listeners -->
