<?xml version="1.0" encoding="UTF-8"?>
<!-- Generated by org.testng.reporters.JUnitReportReporter -->
<testsuite hostname="MacPro-Abdi" failures="0" tests="1" name="Demo_Rapport.DropDown_Rapport" time="4.946" errors="0" timestamp="2022-05-24T10:05:52 CEST" skipped="0">
  <testcase classname="Demo_Rapport.DropDown_Rapport" name="testSelectFunctionality" time="4.946"/>
  <system-out/>
</testsuite> <!-- Demo_Rapport.DropDown_Rapport -->
