<?xml version="1.0" encoding="UTF-8"?>
<!-- Generated by org.testng.reporters.JUnitReportReporter -->
<testsuite hostname="MacPro-Abdi" failures="0" tests="2" name="docker_E2Etest.DropDown_Rapport" time="18.098" errors="0" timestamp="2022-06-08T12:10:03 CEST" skipped="0">
  <testcase classname="docker_E2Etest.DropDown_Rapport" name="testGoogle" time="8.245"/>
  <system-out/>
  <testcase classname="docker_E2Etest.DropDown_Rapport" name="testSelectFunctionality" time="9.853"/>
  <system-out/>
</testsuite> <!-- docker_E2Etest.DropDown_Rapport -->
