<?xml version="1.0" encoding="UTF-8"?>
<!-- Generated by org.testng.reporters.JUnitReportReporter -->
<testsuite hostname="MacPro-Abdi" failures="0" tests="1" name="listeners.FormDemo_Listeners" time="7.794" errors="0" timestamp="2022-05-30T11:30:35 CEST" skipped="0">
  <testcase classname="listeners.FormDemo_Listeners" name="testAlertPopUp" time="7.794"/>
  <system-out/>
</testsuite> <!-- listeners.FormDemo_Listeners -->
