<?xml version="1.0" encoding="UTF-8"?>
<!-- Generated by org.testng.reporters.JUnitReportReporter -->
<testsuite hostname="MacPro-Abdi" failures="0" tests="1" name="Demo_Rapport.Base_Rapport" time="5.021" errors="0" timestamp="2022-05-24T08:23:42 CEST" skipped="0">
  <testcase classname="Demo_Rapport.Base_Rapport" name="test" time="5.021"/>
  <system-out/>
</testsuite> <!-- Demo_Rapport.Base_Rapport -->
