<?xml version="1.0" encoding="UTF-8"?>
<!-- Generated by org.testng.reporters.JUnitReportReporter -->
<testsuite hostname="MacPro-Abdi" failures="0" tests="1" name="listeners.DropDown_Listeners" time="4.946" errors="0" timestamp="2022-05-24T15:35:04 CEST" skipped="0">
  <testcase classname="listeners.DropDown_Listeners" name="testSelectFunctionality" time="4.946"/>
  <system-out/>
</testsuite> <!-- listeners.DropDown_Listeners -->
