<?xml version="1.0" encoding="UTF-8"?>
<!-- Generated by org.testng.reporters.JUnitReportReporter -->
<testsuite hostname="MacPro-Abdi" failures="0" tests="1" name="MercrediTest.monTest.Base" time="2.041" errors="0" timestamp="2022-05-11T22:10:16 CEST" skipped="0">
  <testcase classname="MercrediTest.monTest.Base" name="test" time="2.041"/>
  <system-out/>
</testsuite> <!-- MercrediTest.monTest.Base -->
